<html>
<head>
<title>TestNG:  Demo</title>
<link href="../testng.css" rel="stylesheet" type="text/css" />
<link href="../my-testng.css" rel="stylesheet" type="text/css" />

<style type="text/css">
.log { display: none;} 
.stack-trace { display: none;} 
</style>
<script type="text/javascript">
<!--
function flip(e) {
  current = e.style.display;
  if (current == 'block') {
    e.style.display = 'none';
    return 0;
  }
  else {
    e.style.display = 'block';
    return 1;
  }
}

function toggleBox(szDivId, elem, msg1, msg2)
{
  var res = -1;  if (document.getElementById) {
    res = flip(document.getElementById(szDivId));
  }
  else if (document.all) {
    // this is the way old msie versions work
    res = flip(document.all[szDivId]);
  }
  if(elem) {
    if(res == 0) elem.innerHTML = msg1; else elem.innerHTML = msg2;
  }

}

function toggleAllBoxes() {
  if (document.getElementsByTagName) {
    d = document.getElementsByTagName('div');
    for (i = 0; i < d.length; i++) {
      if (d[i].className == 'log') {
        flip(d[i]);
      }
    }
  }
}

// -->
</script>

</head>
<body>
<h2 align='center'>Demo</h2><table border='1' align="center">
<tr>
<td>Tests passed/Failed/Skipped:</td><td>3/4/0</td>
</tr><tr>
<td>Started on:</td><td>Sun Aug 09 18:35:38 CST 2020</td>
</tr>
<tr><td>Total time:</td><td>2 seconds (2947 ms)</td>
</tr><tr>
<td>Included groups:</td><td></td>
</tr><tr>
<td>Excluded groups:</td><td></td>
</tr>
</table><p/>
<small><i>(Hover the method name to see the test class name)</i></small><p/>
<table width='100%' border='1' class='invocation-failed'>
<tr><td colspan='4' align='center'><b>FAILED TESTS</b></td></tr>
<tr><td><b>Test method</b></td>
<td width="30%"><b>Exception</b></td>
<td width="10%"><b>Time (seconds)</b></td>
<td><b>Instance</b></td>
</tr>
<tr>
<td title='com.datacvg.cases.TestExcelWithDataProvider.testSearch()'><b>testSearch</b><br>Test class: com.datacvg.cases.TestExcelWithDataProvider<br>Parameters: 主数据查询, GET, http://192.168.2.76:9108, /api/api/menu/all, application/json, , 2000, NO</td>
<td><div><pre>java.lang.AssertionError: expected [true] but found []
	at com.datacvg.utils.RequestUtils.allGet(RequestUtils.java:127)
	at com.datacvg.utils.RequestUtils.httpRequest(RequestUtils.java:32)
	at com.datacvg.cases.TestExcelWithDataProvider.testSearch(TestExcelWithDataProvider.java:90)
	at java.util.ArrayList.forEach(ArrayList.java:1257)
	at com.datacvg.cases.TestNGRun.main(TestNGRun.java:24)
... Removed 29 stack frames</pre></div><a href='#' onClick='toggleBox("stack-trace1661123505", this, "Click to show all stack frames", "Click to hide stack frames")'>Click to show all stack frames</a>
<div class='stack-trace' id='stack-trace1661123505'><pre>java.lang.AssertionError: expected [true] but found []
	at org.testng.Assert.fail(Assert.java:97)
	at org.testng.Assert.assertEqualsImpl(Assert.java:136)
	at org.testng.Assert.assertEquals(Assert.java:118)
	at org.testng.Assert.assertEquals(Assert.java:575)
	at org.testng.Assert.assertEquals(Assert.java:585)
	at com.datacvg.utils.RequestUtils.allGet(RequestUtils.java:127)
	at com.datacvg.utils.RequestUtils.httpRequest(RequestUtils.java:32)
	at com.datacvg.cases.TestExcelWithDataProvider.testSearch(TestExcelWithDataProvider.java:90)
	at sun.reflect.NativeMethodAccessorImpl.invoke0(Native Method)
	at sun.reflect.NativeMethodAccessorImpl.invoke(NativeMethodAccessorImpl.java:62)
	at sun.reflect.DelegatingMethodAccessorImpl.invoke(DelegatingMethodAccessorImpl.java:43)
	at java.lang.reflect.Method.invoke(Method.java:498)
	at org.testng.internal.MethodInvocationHelper.invokeMethod(MethodInvocationHelper.java:133)
	at org.testng.internal.TestInvoker.invokeMethod(TestInvoker.java:584)
	at org.testng.internal.TestInvoker.invokeTestMethod(TestInvoker.java:172)
	at org.testng.internal.MethodRunner.runInSequence(MethodRunner.java:46)
	at org.testng.internal.TestInvoker$MethodInvocationAgent.invoke(TestInvoker.java:804)
	at org.testng.internal.TestInvoker.invokeTestMethods(TestInvoker.java:145)
	at org.testng.internal.TestMethodWorker.invokeTestMethods(TestMethodWorker.java:146)
	at org.testng.internal.TestMethodWorker.run(TestMethodWorker.java:128)
	at java.util.ArrayList.forEach(ArrayList.java:1257)
	at org.testng.TestRunner.privateRun(TestRunner.java:770)
	at org.testng.TestRunner.run(TestRunner.java:591)
	at org.testng.SuiteRunner.runTest(SuiteRunner.java:402)
	at org.testng.SuiteRunner.runSequentially(SuiteRunner.java:396)
	at org.testng.SuiteRunner.privateRun(SuiteRunner.java:355)
	at org.testng.SuiteRunner.run(SuiteRunner.java:304)
	at org.testng.SuiteRunnerWorker.runSuite(SuiteRunnerWorker.java:53)
	at org.testng.SuiteRunnerWorker.run(SuiteRunnerWorker.java:96)
	at org.testng.TestNG.runSuitesSequentially(TestNG.java:1180)
	at org.testng.TestNG.runSuitesLocally(TestNG.java:1102)
	at org.testng.TestNG.runSuites(TestNG.java:1032)
	at org.testng.TestNG.run(TestNG.java:1000)
	at com.datacvg.cases.TestNGRun.main(TestNGRun.java:24)
</pre></div></td>
<td>0</td>
<td>com.datacvg.cases.TestExcelWithDataProvider@19dfb72a</td></tr>
<tr>
<td title='com.datacvg.cases.TestExcelWithDataProvider.testSearch()'><b>testSearch</b><br>Test class: com.datacvg.cases.TestExcelWithDataProvider<br>Parameters: 数据治理项目登录请求2, GET, http://192.168.2.76:9108, /api/datacvg/user/login, application/json, {"loginName":"admin78","passWord":"123457"}, true, NO</td>
<td><div><pre>java.lang.IllegalArgumentException: Illegal character in query at index 48: http://192.168.2.76:9108/api/datacvg/user/login?{&quot;loginName&quot;:&quot;admin78&quot;,&quot;passWord&quot;:&quot;123457&quot;}
	at java.net.URI.create(URI.java:852)
	at org.apache.http.client.methods.HttpGet.&lt;init&gt;(HttpGet.java:69)
	at com.datacvg.utils.RequestUtils.allGet(RequestUtils.java:96)
	at com.datacvg.utils.RequestUtils.httpRequest(RequestUtils.java:32)
	at com.datacvg.cases.TestExcelWithDataProvider.testSearch(TestExcelWithDataProvider.java:90)
	at java.util.ArrayList.forEach(ArrayList.java:1257)
	at com.datacvg.cases.TestNGRun.main(TestNGRun.java:24)
Caused by: java.net.URISyntaxException: Illegal character in query at index 48: http://192.168.2.76:9108/api/datacvg/user/login?{&quot;loginName&quot;:&quot;admin78&quot;,&quot;passWord&quot;:&quot;123457&quot;}
	at java.net.URI$Parser.fail(URI.java:2848)
	at java.net.URI$Parser.checkChars(URI.java:3021)
	at java.net.URI$Parser.parseHierarchical(URI.java:3111)
	at java.net.URI$Parser.parse(URI.java:3053)
	at java.net.URI.&lt;init&gt;(URI.java:588)
	at java.net.URI.create(URI.java:850)
	... 30 more
... Removed 24 stack frames</pre></div><a href='#' onClick='toggleBox("stack-trace709865851", this, "Click to show all stack frames", "Click to hide stack frames")'>Click to show all stack frames</a>
<div class='stack-trace' id='stack-trace709865851'><pre>java.lang.IllegalArgumentException: Illegal character in query at index 48: http://192.168.2.76:9108/api/datacvg/user/login?{&quot;loginName&quot;:&quot;admin78&quot;,&quot;passWord&quot;:&quot;123457&quot;}
	at java.net.URI.create(URI.java:852)
	at org.apache.http.client.methods.HttpGet.&lt;init&gt;(HttpGet.java:69)
	at com.datacvg.utils.RequestUtils.allGet(RequestUtils.java:96)
	at com.datacvg.utils.RequestUtils.httpRequest(RequestUtils.java:32)
	at com.datacvg.cases.TestExcelWithDataProvider.testSearch(TestExcelWithDataProvider.java:90)
	at sun.reflect.NativeMethodAccessorImpl.invoke0(Native Method)
	at sun.reflect.NativeMethodAccessorImpl.invoke(NativeMethodAccessorImpl.java:62)
	at sun.reflect.DelegatingMethodAccessorImpl.invoke(DelegatingMethodAccessorImpl.java:43)
	at java.lang.reflect.Method.invoke(Method.java:498)
	at org.testng.internal.MethodInvocationHelper.invokeMethod(MethodInvocationHelper.java:133)
	at org.testng.internal.TestInvoker.invokeMethod(TestInvoker.java:584)
	at org.testng.internal.TestInvoker.invokeTestMethod(TestInvoker.java:172)
	at org.testng.internal.MethodRunner.runInSequence(MethodRunner.java:46)
	at org.testng.internal.TestInvoker$MethodInvocationAgent.invoke(TestInvoker.java:804)
	at org.testng.internal.TestInvoker.invokeTestMethods(TestInvoker.java:145)
	at org.testng.internal.TestMethodWorker.invokeTestMethods(TestMethodWorker.java:146)
	at org.testng.internal.TestMethodWorker.run(TestMethodWorker.java:128)
	at java.util.ArrayList.forEach(ArrayList.java:1257)
	at org.testng.TestRunner.privateRun(TestRunner.java:770)
	at org.testng.TestRunner.run(TestRunner.java:591)
	at org.testng.SuiteRunner.runTest(SuiteRunner.java:402)
	at org.testng.SuiteRunner.runSequentially(SuiteRunner.java:396)
	at org.testng.SuiteRunner.privateRun(SuiteRunner.java:355)
	at org.testng.SuiteRunner.run(SuiteRunner.java:304)
	at org.testng.SuiteRunnerWorker.runSuite(SuiteRunnerWorker.java:53)
	at org.testng.SuiteRunnerWorker.run(SuiteRunnerWorker.java:96)
	at org.testng.TestNG.runSuitesSequentially(TestNG.java:1180)
	at org.testng.TestNG.runSuitesLocally(TestNG.java:1102)
	at org.testng.TestNG.runSuites(TestNG.java:1032)
	at org.testng.TestNG.run(TestNG.java:1000)
	at com.datacvg.cases.TestNGRun.main(TestNGRun.java:24)
Caused by: java.net.URISyntaxException: Illegal character in query at index 48: http://192.168.2.76:9108/api/datacvg/user/login?{&quot;loginName&quot;:&quot;admin78&quot;,&quot;passWord&quot;:&quot;123457&quot;}
	at java.net.URI$Parser.fail(URI.java:2848)
	at java.net.URI$Parser.checkChars(URI.java:3021)
	at java.net.URI$Parser.parseHierarchical(URI.java:3111)
	at java.net.URI$Parser.parse(URI.java:3053)
	at java.net.URI.&lt;init&gt;(URI.java:588)
	at java.net.URI.create(URI.java:850)
	... 30 more
</pre></div></td>
<td>0</td>
<td>com.datacvg.cases.TestExcelWithDataProvider@19dfb72a</td></tr>
<tr>
<td title='com.datacvg.cases.TestExcelWithDataProvider.testSearch()'><b>testSearch</b><br>Test class: com.datacvg.cases.TestExcelWithDataProvider<br>Parameters: 测试3执行某某操作33333, POST, http://192.168.2.76:9108, /api/datacvg/user/login, application/json, r2, e1, N</td>
<td><div><pre>java.lang.AssertionError: expected [true] but found []
	at com.datacvg.utils.RequestUtils.allPost(RequestUtils.java:76)
	at com.datacvg.utils.RequestUtils.httpRequest(RequestUtils.java:30)
	at com.datacvg.cases.TestExcelWithDataProvider.testSearch(TestExcelWithDataProvider.java:90)
	at java.util.ArrayList.forEach(ArrayList.java:1257)
	at com.datacvg.cases.TestNGRun.main(TestNGRun.java:24)
... Removed 29 stack frames</pre></div><a href='#' onClick='toggleBox("stack-trace2093010349", this, "Click to show all stack frames", "Click to hide stack frames")'>Click to show all stack frames</a>
<div class='stack-trace' id='stack-trace2093010349'><pre>java.lang.AssertionError: expected [true] but found []
	at org.testng.Assert.fail(Assert.java:97)
	at org.testng.Assert.assertEqualsImpl(Assert.java:136)
	at org.testng.Assert.assertEquals(Assert.java:118)
	at org.testng.Assert.assertEquals(Assert.java:575)
	at org.testng.Assert.assertEquals(Assert.java:585)
	at com.datacvg.utils.RequestUtils.allPost(RequestUtils.java:76)
	at com.datacvg.utils.RequestUtils.httpRequest(RequestUtils.java:30)
	at com.datacvg.cases.TestExcelWithDataProvider.testSearch(TestExcelWithDataProvider.java:90)
	at sun.reflect.NativeMethodAccessorImpl.invoke0(Native Method)
	at sun.reflect.NativeMethodAccessorImpl.invoke(NativeMethodAccessorImpl.java:62)
	at sun.reflect.DelegatingMethodAccessorImpl.invoke(DelegatingMethodAccessorImpl.java:43)
	at java.lang.reflect.Method.invoke(Method.java:498)
	at org.testng.internal.MethodInvocationHelper.invokeMethod(MethodInvocationHelper.java:133)
	at org.testng.internal.TestInvoker.invokeMethod(TestInvoker.java:584)
	at org.testng.internal.TestInvoker.invokeTestMethod(TestInvoker.java:172)
	at org.testng.internal.MethodRunner.runInSequence(MethodRunner.java:46)
	at org.testng.internal.TestInvoker$MethodInvocationAgent.invoke(TestInvoker.java:804)
	at org.testng.internal.TestInvoker.invokeTestMethods(TestInvoker.java:145)
	at org.testng.internal.TestMethodWorker.invokeTestMethods(TestMethodWorker.java:146)
	at org.testng.internal.TestMethodWorker.run(TestMethodWorker.java:128)
	at java.util.ArrayList.forEach(ArrayList.java:1257)
	at org.testng.TestRunner.privateRun(TestRunner.java:770)
	at org.testng.TestRunner.run(TestRunner.java:591)
	at org.testng.SuiteRunner.runTest(SuiteRunner.java:402)
	at org.testng.SuiteRunner.runSequentially(SuiteRunner.java:396)
	at org.testng.SuiteRunner.privateRun(SuiteRunner.java:355)
	at org.testng.SuiteRunner.run(SuiteRunner.java:304)
	at org.testng.SuiteRunnerWorker.runSuite(SuiteRunnerWorker.java:53)
	at org.testng.SuiteRunnerWorker.run(SuiteRunnerWorker.java:96)
	at org.testng.TestNG.runSuitesSequentially(TestNG.java:1180)
	at org.testng.TestNG.runSuitesLocally(TestNG.java:1102)
	at org.testng.TestNG.runSuites(TestNG.java:1032)
	at org.testng.TestNG.run(TestNG.java:1000)
	at com.datacvg.cases.TestNGRun.main(TestNGRun.java:24)
</pre></div></td>
<td>0</td>
<td>com.datacvg.cases.TestExcelWithDataProvider@19dfb72a</td></tr>
<tr>
<td title='com.datacvg.cases.TestExcelWithDataProvider.testSearch()'><b>testSearch</b><br>Test class: com.datacvg.cases.TestExcelWithDataProvider<br>Parameters: 测试4执行某某操作444444, POST, http://192.168.2.76:9108, /api/datacvg/user/login, application/json, r2, e1, N</td>
<td><div><pre>java.lang.AssertionError: expected [true] but found []
	at com.datacvg.utils.RequestUtils.allPost(RequestUtils.java:76)
	at com.datacvg.utils.RequestUtils.httpRequest(RequestUtils.java:30)
	at com.datacvg.cases.TestExcelWithDataProvider.testSearch(TestExcelWithDataProvider.java:90)
	at java.util.ArrayList.forEach(ArrayList.java:1257)
	at com.datacvg.cases.TestNGRun.main(TestNGRun.java:24)
... Removed 29 stack frames</pre></div><a href='#' onClick='toggleBox("stack-trace1280851663", this, "Click to show all stack frames", "Click to hide stack frames")'>Click to show all stack frames</a>
<div class='stack-trace' id='stack-trace1280851663'><pre>java.lang.AssertionError: expected [true] but found []
	at org.testng.Assert.fail(Assert.java:97)
	at org.testng.Assert.assertEqualsImpl(Assert.java:136)
	at org.testng.Assert.assertEquals(Assert.java:118)
	at org.testng.Assert.assertEquals(Assert.java:575)
	at org.testng.Assert.assertEquals(Assert.java:585)
	at com.datacvg.utils.RequestUtils.allPost(RequestUtils.java:76)
	at com.datacvg.utils.RequestUtils.httpRequest(RequestUtils.java:30)
	at com.datacvg.cases.TestExcelWithDataProvider.testSearch(TestExcelWithDataProvider.java:90)
	at sun.reflect.NativeMethodAccessorImpl.invoke0(Native Method)
	at sun.reflect.NativeMethodAccessorImpl.invoke(NativeMethodAccessorImpl.java:62)
	at sun.reflect.DelegatingMethodAccessorImpl.invoke(DelegatingMethodAccessorImpl.java:43)
	at java.lang.reflect.Method.invoke(Method.java:498)
	at org.testng.internal.MethodInvocationHelper.invokeMethod(MethodInvocationHelper.java:133)
	at org.testng.internal.TestInvoker.invokeMethod(TestInvoker.java:584)
	at org.testng.internal.TestInvoker.invokeTestMethod(TestInvoker.java:172)
	at org.testng.internal.MethodRunner.runInSequence(MethodRunner.java:46)
	at org.testng.internal.TestInvoker$MethodInvocationAgent.invoke(TestInvoker.java:804)
	at org.testng.internal.TestInvoker.invokeTestMethods(TestInvoker.java:145)
	at org.testng.internal.TestMethodWorker.invokeTestMethods(TestMethodWorker.java:146)
	at org.testng.internal.TestMethodWorker.run(TestMethodWorker.java:128)
	at java.util.ArrayList.forEach(ArrayList.java:1257)
	at org.testng.TestRunner.privateRun(TestRunner.java:770)
	at org.testng.TestRunner.run(TestRunner.java:591)
	at org.testng.SuiteRunner.runTest(SuiteRunner.java:402)
	at org.testng.SuiteRunner.runSequentially(SuiteRunner.java:396)
	at org.testng.SuiteRunner.privateRun(SuiteRunner.java:355)
	at org.testng.SuiteRunner.run(SuiteRunner.java:304)
	at org.testng.SuiteRunnerWorker.runSuite(SuiteRunnerWorker.java:53)
	at org.testng.SuiteRunnerWorker.run(SuiteRunnerWorker.java:96)
	at org.testng.TestNG.runSuitesSequentially(TestNG.java:1180)
	at org.testng.TestNG.runSuitesLocally(TestNG.java:1102)
	at org.testng.TestNG.runSuites(TestNG.java:1032)
	at org.testng.TestNG.run(TestNG.java:1000)
	at com.datacvg.cases.TestNGRun.main(TestNGRun.java:24)
</pre></div></td>
<td>0</td>
<td>com.datacvg.cases.TestExcelWithDataProvider@19dfb72a</td></tr>
</table><p>
<table width='100%' border='1' class='invocation-passed'>
<tr><td colspan='4' align='center'><b>PASSED TESTS</b></td></tr>
<tr><td><b>Test method</b></td>
<td width="30%"><b>Exception</b></td>
<td width="10%"><b>Time (seconds)</b></td>
<td><b>Instance</b></td>
</tr>
<tr>
<td title='com.datacvg.cases.TestExcelWithDataProvider.testSearch()'><b>testSearch</b><br>Test class: com.datacvg.cases.TestExcelWithDataProvider<br>Parameters: 数据治理项目登录请求1, POST, http://192.168.2.76:9108, /api/datacvg/user/login, application/json, {"loginName":"admin78","passWord":"123456"}, true, NO</td>
<td></td>
<td>2</td>
<td>com.datacvg.cases.TestExcelWithDataProvider@19dfb72a</td></tr>
<tr>
<td title='com.datacvg.cases.TestExcelWithDataProvider.testSearch()'><b>testSearch</b><br>Test class: com.datacvg.cases.TestExcelWithDataProvider<br>Parameters: 主数据查询, GET, http://192.168.2.76:9108, /api/api/menu/all, application/json, , 2000, YES</td>
<td></td>
<td>0</td>
<td>com.datacvg.cases.TestExcelWithDataProvider@19dfb72a</td></tr>
<tr>
<td title='com.datacvg.cases.TestExcelWithDataProvider.testSearch()'><b>testSearch</b><br>Test class: com.datacvg.cases.TestExcelWithDataProvider<br>Parameters: 数据治理项目登录请求1, POST, http://192.168.2.76:9108, /api/datacvg/user/login, application/json, {"loginName":"admin78","passWord":"123456"}, true, YES</td>
<td></td>
<td>0</td>
<td>com.datacvg.cases.TestExcelWithDataProvider@19dfb72a</td></tr>
</table><p>
</body>
</html>