<?xml version="1.0" encoding="UTF-8"?>
<testng-results skipped="0" failed="4" ignored="0" total="7" passed="3">
  <reporter-output>
  </reporter-output>
  <suite name="Excel-Driver接口自动化" duration-ms="2954" started-at="2020-08-10T10:54:44 CST" finished-at="2020-08-10T10:54:47 CST">
    <groups>
    </groups>
    <test name="Demo" duration-ms="2954" started-at="2020-08-10T10:54:44 CST" finished-at="2020-08-10T10:54:47 CST">
      <class name="com.datacvg.cases.TestExcelWithDataProvider">
        <test-method status="PASS" signature="testSearch(java.lang.String, java.lang.String, java.lang.String, java.lang.String, java.lang.String, java.lang.String, java.lang.String, java.lang.String)[pri:0, instance:com.datacvg.cases.TestExcelWithDataProvider@d2cc05a]" name="testSearch" duration-ms="2310" started-at="2020-08-10T10:54:44 CST" data-provider="getData" finished-at="2020-08-10T10:54:46 CST">
          <params>
            <param index="0">
              <value>
                <![CDATA[数据治理项目登录请求1]]>
              </value>
            </param>
            <param index="1">
              <value>
                <![CDATA[POST]]>
              </value>
            </param>
            <param index="2">
              <value>
                <![CDATA[http://192.168.2.76:9108]]>
              </value>
            </param>
            <param index="3">
              <value>
                <![CDATA[/api/datacvg/user/login]]>
              </value>
            </param>
            <param index="4">
              <value>
                <![CDATA[application/json]]>
              </value>
            </param>
            <param index="5">
              <value>
                <![CDATA[{"loginName":"admin78","passWord":"123456"}]]>
              </value>
            </param>
            <param index="6">
              <value>
                <![CDATA[true]]>
              </value>
            </param>
            <param index="7">
              <value>
                <![CDATA[NO]]>
              </value>
            </param>
          </params>
          <reporter-output>
          </reporter-output>
        </test-method> <!-- testSearch -->
        <test-method status="PASS" signature="testSearch(java.lang.String, java.lang.String, java.lang.String, java.lang.String, java.lang.String, java.lang.String, java.lang.String, java.lang.String)[pri:0, instance:com.datacvg.cases.TestExcelWithDataProvider@d2cc05a]" name="testSearch" duration-ms="97" started-at="2020-08-10T10:54:46 CST" data-provider="getData" finished-at="2020-08-10T10:54:46 CST">
          <params>
            <param index="0">
              <value>
                <![CDATA[主数据查询]]>
              </value>
            </param>
            <param index="1">
              <value>
                <![CDATA[GET]]>
              </value>
            </param>
            <param index="2">
              <value>
                <![CDATA[http://192.168.2.76:9108]]>
              </value>
            </param>
            <param index="3">
              <value>
                <![CDATA[/api/api/menu/all]]>
              </value>
            </param>
            <param index="4">
              <value>
                <![CDATA[application/json]]>
              </value>
            </param>
            <param index="5">
              <value>
                <![CDATA[]]>
              </value>
            </param>
            <param index="6">
              <value>
                <![CDATA[2000]]>
              </value>
            </param>
            <param index="7">
              <value>
                <![CDATA[YES]]>
              </value>
            </param>
          </params>
          <reporter-output>
          </reporter-output>
        </test-method> <!-- testSearch -->
        <test-method status="PASS" signature="testSearch(java.lang.String, java.lang.String, java.lang.String, java.lang.String, java.lang.String, java.lang.String, java.lang.String, java.lang.String)[pri:0, instance:com.datacvg.cases.TestExcelWithDataProvider@d2cc05a]" name="testSearch" duration-ms="94" started-at="2020-08-10T10:54:46 CST" data-provider="getData" finished-at="2020-08-10T10:54:47 CST">
          <params>
            <param index="0">
              <value>
                <![CDATA[数据治理项目登录请求1]]>
              </value>
            </param>
            <param index="1">
              <value>
                <![CDATA[POST]]>
              </value>
            </param>
            <param index="2">
              <value>
                <![CDATA[http://192.168.2.76:9108]]>
              </value>
            </param>
            <param index="3">
              <value>
                <![CDATA[/api/datacvg/user/login]]>
              </value>
            </param>
            <param index="4">
              <value>
                <![CDATA[application/json]]>
              </value>
            </param>
            <param index="5">
              <value>
                <![CDATA[{"loginName":"admin78","passWord":"123456"}]]>
              </value>
            </param>
            <param index="6">
              <value>
                <![CDATA[true]]>
              </value>
            </param>
            <param index="7">
              <value>
                <![CDATA[YES]]>
              </value>
            </param>
          </params>
          <reporter-output>
          </reporter-output>
        </test-method> <!-- testSearch -->
        <test-method status="FAIL" signature="testSearch(java.lang.String, java.lang.String, java.lang.String, java.lang.String, java.lang.String, java.lang.String, java.lang.String, java.lang.String)[pri:0, instance:com.datacvg.cases.TestExcelWithDataProvider@d2cc05a]" name="testSearch" duration-ms="32" started-at="2020-08-10T10:54:47 CST" data-provider="getData" finished-at="2020-08-10T10:54:47 CST">
          <params>
            <param index="0">
              <value>
                <![CDATA[主数据查询]]>
              </value>
            </param>
            <param index="1">
              <value>
                <![CDATA[GET]]>
              </value>
            </param>
            <param index="2">
              <value>
                <![CDATA[http://192.168.2.76:9108]]>
              </value>
            </param>
            <param index="3">
              <value>
                <![CDATA[/api/api/menu/all]]>
              </value>
            </param>
            <param index="4">
              <value>
                <![CDATA[application/json]]>
              </value>
            </param>
            <param index="5">
              <value>
                <![CDATA[]]>
              </value>
            </param>
            <param index="6">
              <value>
                <![CDATA[2000]]>
              </value>
            </param>
            <param index="7">
              <value>
                <![CDATA[NO]]>
              </value>
            </param>
          </params>
          <exception class="java.lang.AssertionError">
            <message>
              <![CDATA[expected [true] but found []]]>
            </message>
            <full-stacktrace>
              <![CDATA[java.lang.AssertionError: expected [true] but found []
at org.testng.Assert.fail(Assert.java:97)
at org.testng.Assert.assertEqualsImpl(Assert.java:136)
at org.testng.Assert.assertEquals(Assert.java:118)
at org.testng.Assert.assertEquals(Assert.java:575)
at org.testng.Assert.assertEquals(Assert.java:585)
at com.datacvg.utils.RequestUtils.allGet(RequestUtils.java:127)
at com.datacvg.utils.RequestUtils.httpRequest(RequestUtils.java:32)
at com.datacvg.cases.TestExcelWithDataProvider.testSearch(TestExcelWithDataProvider.java:90)
at sun.reflect.NativeMethodAccessorImpl.invoke0(Native Method)
at sun.reflect.NativeMethodAccessorImpl.invoke(NativeMethodAccessorImpl.java:62)
at sun.reflect.DelegatingMethodAccessorImpl.invoke(DelegatingMethodAccessorImpl.java:43)
at java.lang.reflect.Method.invoke(Method.java:498)
at org.testng.internal.MethodInvocationHelper.invokeMethod(MethodInvocationHelper.java:133)
at org.testng.internal.TestInvoker.invokeMethod(TestInvoker.java:584)
at org.testng.internal.TestInvoker.invokeTestMethod(TestInvoker.java:172)
at org.testng.internal.MethodRunner.runInSequence(MethodRunner.java:46)
at org.testng.internal.TestInvoker$MethodInvocationAgent.invoke(TestInvoker.java:804)
at org.testng.internal.TestInvoker.invokeTestMethods(TestInvoker.java:145)
at org.testng.internal.TestMethodWorker.invokeTestMethods(TestMethodWorker.java:146)
at org.testng.internal.TestMethodWorker.run(TestMethodWorker.java:128)
at java.util.ArrayList.forEach(ArrayList.java:1257)
at org.testng.TestRunner.privateRun(TestRunner.java:770)
at org.testng.TestRunner.run(TestRunner.java:591)
at org.testng.SuiteRunner.runTest(SuiteRunner.java:402)
at org.testng.SuiteRunner.runSequentially(SuiteRunner.java:396)
at org.testng.SuiteRunner.privateRun(SuiteRunner.java:355)
at org.testng.SuiteRunner.run(SuiteRunner.java:304)
at org.testng.SuiteRunnerWorker.runSuite(SuiteRunnerWorker.java:53)
at org.testng.SuiteRunnerWorker.run(SuiteRunnerWorker.java:96)
at org.testng.TestNG.runSuitesSequentially(TestNG.java:1180)
at org.testng.TestNG.runSuitesLocally(TestNG.java:1102)
at org.testng.TestNG.runSuites(TestNG.java:1032)
at org.testng.TestNG.run(TestNG.java:1000)
at org.apache.maven.surefire.testng.TestNGExecutor.run(TestNGExecutor.java:74)
at org.apache.maven.surefire.testng.TestNGXmlTestSuite.execute(TestNGXmlTestSuite.java:93)
at org.apache.maven.surefire.testng.TestNGProvider.invoke(TestNGProvider.java:101)
at sun.reflect.NativeMethodAccessorImpl.invoke0(Native Method)
at sun.reflect.NativeMethodAccessorImpl.invoke(NativeMethodAccessorImpl.java:62)
at sun.reflect.DelegatingMethodAccessorImpl.invoke(DelegatingMethodAccessorImpl.java:43)
at java.lang.reflect.Method.invoke(Method.java:498)
at org.apache.maven.surefire.booter.ProviderFactory$ClassLoaderProxy.invoke(ProviderFactory.java:103)
at com.sun.proxy.$Proxy0.invoke(Unknown Source)
at org.apache.maven.surefire.booter.SurefireStarter.invokeProvider(SurefireStarter.java:145)
at org.apache.maven.surefire.booter.SurefireStarter.runSuitesInProcess(SurefireStarter.java:87)
at org.apache.maven.surefire.booter.ForkedBooter.main(ForkedBooter.java:69)
]]>
            </full-stacktrace>
          </exception> <!-- java.lang.AssertionError -->
          <reporter-output>
          </reporter-output>
        </test-method> <!-- testSearch -->
        <test-method status="FAIL" signature="testSearch(java.lang.String, java.lang.String, java.lang.String, java.lang.String, java.lang.String, java.lang.String, java.lang.String, java.lang.String)[pri:0, instance:com.datacvg.cases.TestExcelWithDataProvider@d2cc05a]" name="testSearch" duration-ms="7" started-at="2020-08-10T10:54:47 CST" data-provider="getData" finished-at="2020-08-10T10:54:47 CST">
          <params>
            <param index="0">
              <value>
                <![CDATA[数据治理项目登录请求2]]>
              </value>
            </param>
            <param index="1">
              <value>
                <![CDATA[GET]]>
              </value>
            </param>
            <param index="2">
              <value>
                <![CDATA[http://192.168.2.76:9108]]>
              </value>
            </param>
            <param index="3">
              <value>
                <![CDATA[/api/datacvg/user/login]]>
              </value>
            </param>
            <param index="4">
              <value>
                <![CDATA[application/json]]>
              </value>
            </param>
            <param index="5">
              <value>
                <![CDATA[{"loginName":"admin78","passWord":"123457"}]]>
              </value>
            </param>
            <param index="6">
              <value>
                <![CDATA[true]]>
              </value>
            </param>
            <param index="7">
              <value>
                <![CDATA[NO]]>
              </value>
            </param>
          </params>
          <exception class="java.lang.IllegalArgumentException">
            <message>
              <![CDATA[Illegal character in query at index 48: http://192.168.2.76:9108/api/datacvg/user/login?{"loginName":"admin78","passWord":"123457"}]]>
            </message>
            <full-stacktrace>
              <![CDATA[java.lang.IllegalArgumentException: Illegal character in query at index 48: http://192.168.2.76:9108/api/datacvg/user/login?{"loginName":"admin78","passWord":"123457"}
at java.net.URI.create(URI.java:852)
at org.apache.http.client.methods.HttpGet.<init>(HttpGet.java:69)
at com.datacvg.utils.RequestUtils.allGet(RequestUtils.java:96)
at com.datacvg.utils.RequestUtils.httpRequest(RequestUtils.java:32)
at com.datacvg.cases.TestExcelWithDataProvider.testSearch(TestExcelWithDataProvider.java:90)
at sun.reflect.NativeMethodAccessorImpl.invoke0(Native Method)
at sun.reflect.NativeMethodAccessorImpl.invoke(NativeMethodAccessorImpl.java:62)
at sun.reflect.DelegatingMethodAccessorImpl.invoke(DelegatingMethodAccessorImpl.java:43)
at java.lang.reflect.Method.invoke(Method.java:498)
at org.testng.internal.MethodInvocationHelper.invokeMethod(MethodInvocationHelper.java:133)
at org.testng.internal.TestInvoker.invokeMethod(TestInvoker.java:584)
at org.testng.internal.TestInvoker.invokeTestMethod(TestInvoker.java:172)
at org.testng.internal.MethodRunner.runInSequence(MethodRunner.java:46)
at org.testng.internal.TestInvoker$MethodInvocationAgent.invoke(TestInvoker.java:804)
at org.testng.internal.TestInvoker.invokeTestMethods(TestInvoker.java:145)
at org.testng.internal.TestMethodWorker.invokeTestMethods(TestMethodWorker.java:146)
at org.testng.internal.TestMethodWorker.run(TestMethodWorker.java:128)
at java.util.ArrayList.forEach(ArrayList.java:1257)
at org.testng.TestRunner.privateRun(TestRunner.java:770)
at org.testng.TestRunner.run(TestRunner.java:591)
at org.testng.SuiteRunner.runTest(SuiteRunner.java:402)
at org.testng.SuiteRunner.runSequentially(SuiteRunner.java:396)
at org.testng.SuiteRunner.privateRun(SuiteRunner.java:355)
at org.testng.SuiteRunner.run(SuiteRunner.java:304)
at org.testng.SuiteRunnerWorker.runSuite(SuiteRunnerWorker.java:53)
at org.testng.SuiteRunnerWorker.run(SuiteRunnerWorker.java:96)
at org.testng.TestNG.runSuitesSequentially(TestNG.java:1180)
at org.testng.TestNG.runSuitesLocally(TestNG.java:1102)
at org.testng.TestNG.runSuites(TestNG.java:1032)
at org.testng.TestNG.run(TestNG.java:1000)
at org.apache.maven.surefire.testng.TestNGExecutor.run(TestNGExecutor.java:74)
at org.apache.maven.surefire.testng.TestNGXmlTestSuite.execute(TestNGXmlTestSuite.java:93)
at org.apache.maven.surefire.testng.TestNGProvider.invoke(TestNGProvider.java:101)
at sun.reflect.NativeMethodAccessorImpl.invoke0(Native Method)
at sun.reflect.NativeMethodAccessorImpl.invoke(NativeMethodAccessorImpl.java:62)
at sun.reflect.DelegatingMethodAccessorImpl.invoke(DelegatingMethodAccessorImpl.java:43)
at java.lang.reflect.Method.invoke(Method.java:498)
at org.apache.maven.surefire.booter.ProviderFactory$ClassLoaderProxy.invoke(ProviderFactory.java:103)
at com.sun.proxy.$Proxy0.invoke(Unknown Source)
at org.apache.maven.surefire.booter.SurefireStarter.invokeProvider(SurefireStarter.java:145)
at org.apache.maven.surefire.booter.SurefireStarter.runSuitesInProcess(SurefireStarter.java:87)
at org.apache.maven.surefire.booter.ForkedBooter.main(ForkedBooter.java:69)
Caused by: java.net.URISyntaxException: Illegal character in query at index 48: http://192.168.2.76:9108/api/datacvg/user/login?{"loginName":"admin78","passWord":"123457"}
at java.net.URI$Parser.fail(URI.java:2848)
at java.net.URI$Parser.checkChars(URI.java:3021)
at java.net.URI$Parser.parseHierarchical(URI.java:3111)
at java.net.URI$Parser.parse(URI.java:3053)
at java.net.URI.<init>(URI.java:588)
at java.net.URI.create(URI.java:850)
... 41 more
]]>
            </full-stacktrace>
          </exception> <!-- java.lang.IllegalArgumentException -->
          <reporter-output>
          </reporter-output>
        </test-method> <!-- testSearch -->
        <test-method status="FAIL" signature="testSearch(java.lang.String, java.lang.String, java.lang.String, java.lang.String, java.lang.String, java.lang.String, java.lang.String, java.lang.String)[pri:0, instance:com.datacvg.cases.TestExcelWithDataProvider@d2cc05a]" name="testSearch" duration-ms="24" started-at="2020-08-10T10:54:47 CST" data-provider="getData" finished-at="2020-08-10T10:54:47 CST">
          <params>
            <param index="0">
              <value>
                <![CDATA[测试3执行某某操作33333]]>
              </value>
            </param>
            <param index="1">
              <value>
                <![CDATA[POST]]>
              </value>
            </param>
            <param index="2">
              <value>
                <![CDATA[http://192.168.2.76:9108]]>
              </value>
            </param>
            <param index="3">
              <value>
                <![CDATA[/api/datacvg/user/login]]>
              </value>
            </param>
            <param index="4">
              <value>
                <![CDATA[application/json]]>
              </value>
            </param>
            <param index="5">
              <value>
                <![CDATA[r2]]>
              </value>
            </param>
            <param index="6">
              <value>
                <![CDATA[e1]]>
              </value>
            </param>
            <param index="7">
              <value>
                <![CDATA[N]]>
              </value>
            </param>
          </params>
          <exception class="java.lang.AssertionError">
            <message>
              <![CDATA[expected [true] but found []]]>
            </message>
            <full-stacktrace>
              <![CDATA[java.lang.AssertionError: expected [true] but found []
at org.testng.Assert.fail(Assert.java:97)
at org.testng.Assert.assertEqualsImpl(Assert.java:136)
at org.testng.Assert.assertEquals(Assert.java:118)
at org.testng.Assert.assertEquals(Assert.java:575)
at org.testng.Assert.assertEquals(Assert.java:585)
at com.datacvg.utils.RequestUtils.allPost(RequestUtils.java:76)
at com.datacvg.utils.RequestUtils.httpRequest(RequestUtils.java:30)
at com.datacvg.cases.TestExcelWithDataProvider.testSearch(TestExcelWithDataProvider.java:90)
at sun.reflect.NativeMethodAccessorImpl.invoke0(Native Method)
at sun.reflect.NativeMethodAccessorImpl.invoke(NativeMethodAccessorImpl.java:62)
at sun.reflect.DelegatingMethodAccessorImpl.invoke(DelegatingMethodAccessorImpl.java:43)
at java.lang.reflect.Method.invoke(Method.java:498)
at org.testng.internal.MethodInvocationHelper.invokeMethod(MethodInvocationHelper.java:133)
at org.testng.internal.TestInvoker.invokeMethod(TestInvoker.java:584)
at org.testng.internal.TestInvoker.invokeTestMethod(TestInvoker.java:172)
at org.testng.internal.MethodRunner.runInSequence(MethodRunner.java:46)
at org.testng.internal.TestInvoker$MethodInvocationAgent.invoke(TestInvoker.java:804)
at org.testng.internal.TestInvoker.invokeTestMethods(TestInvoker.java:145)
at org.testng.internal.TestMethodWorker.invokeTestMethods(TestMethodWorker.java:146)
at org.testng.internal.TestMethodWorker.run(TestMethodWorker.java:128)
at java.util.ArrayList.forEach(ArrayList.java:1257)
at org.testng.TestRunner.privateRun(TestRunner.java:770)
at org.testng.TestRunner.run(TestRunner.java:591)
at org.testng.SuiteRunner.runTest(SuiteRunner.java:402)
at org.testng.SuiteRunner.runSequentially(SuiteRunner.java:396)
at org.testng.SuiteRunner.privateRun(SuiteRunner.java:355)
at org.testng.SuiteRunner.run(SuiteRunner.java:304)
at org.testng.SuiteRunnerWorker.runSuite(SuiteRunnerWorker.java:53)
at org.testng.SuiteRunnerWorker.run(SuiteRunnerWorker.java:96)
at org.testng.TestNG.runSuitesSequentially(TestNG.java:1180)
at org.testng.TestNG.runSuitesLocally(TestNG.java:1102)
at org.testng.TestNG.runSuites(TestNG.java:1032)
at org.testng.TestNG.run(TestNG.java:1000)
at org.apache.maven.surefire.testng.TestNGExecutor.run(TestNGExecutor.java:74)
at org.apache.maven.surefire.testng.TestNGXmlTestSuite.execute(TestNGXmlTestSuite.java:93)
at org.apache.maven.surefire.testng.TestNGProvider.invoke(TestNGProvider.java:101)
at sun.reflect.NativeMethodAccessorImpl.invoke0(Native Method)
at sun.reflect.NativeMethodAccessorImpl.invoke(NativeMethodAccessorImpl.java:62)
at sun.reflect.DelegatingMethodAccessorImpl.invoke(DelegatingMethodAccessorImpl.java:43)
at java.lang.reflect.Method.invoke(Method.java:498)
at org.apache.maven.surefire.booter.ProviderFactory$ClassLoaderProxy.invoke(ProviderFactory.java:103)
at com.sun.proxy.$Proxy0.invoke(Unknown Source)
at org.apache.maven.surefire.booter.SurefireStarter.invokeProvider(SurefireStarter.java:145)
at org.apache.maven.surefire.booter.SurefireStarter.runSuitesInProcess(SurefireStarter.java:87)
at org.apache.maven.surefire.booter.ForkedBooter.main(ForkedBooter.java:69)
]]>
            </full-stacktrace>
          </exception> <!-- java.lang.AssertionError -->
          <reporter-output>
          </reporter-output>
        </test-method> <!-- testSearch -->
        <test-method status="FAIL" signature="testSearch(java.lang.String, java.lang.String, java.lang.String, java.lang.String, java.lang.String, java.lang.String, java.lang.String, java.lang.String)[pri:0, instance:com.datacvg.cases.TestExcelWithDataProvider@d2cc05a]" name="testSearch" duration-ms="57" started-at="2020-08-10T10:54:47 CST" data-provider="getData" finished-at="2020-08-10T10:54:47 CST">
          <params>
            <param index="0">
              <value>
                <![CDATA[测试4执行某某操作444444]]>
              </value>
            </param>
            <param index="1">
              <value>
                <![CDATA[POST]]>
              </value>
            </param>
            <param index="2">
              <value>
                <![CDATA[http://192.168.2.76:9108]]>
              </value>
            </param>
            <param index="3">
              <value>
                <![CDATA[/api/datacvg/user/login]]>
              </value>
            </param>
            <param index="4">
              <value>
                <![CDATA[application/json]]>
              </value>
            </param>
            <param index="5">
              <value>
                <![CDATA[r2]]>
              </value>
            </param>
            <param index="6">
              <value>
                <![CDATA[e1]]>
              </value>
            </param>
            <param index="7">
              <value>
                <![CDATA[N]]>
              </value>
            </param>
          </params>
          <exception class="java.lang.AssertionError">
            <message>
              <![CDATA[expected [true] but found []]]>
            </message>
            <full-stacktrace>
              <![CDATA[java.lang.AssertionError: expected [true] but found []
at org.testng.Assert.fail(Assert.java:97)
at org.testng.Assert.assertEqualsImpl(Assert.java:136)
at org.testng.Assert.assertEquals(Assert.java:118)
at org.testng.Assert.assertEquals(Assert.java:575)
at org.testng.Assert.assertEquals(Assert.java:585)
at com.datacvg.utils.RequestUtils.allPost(RequestUtils.java:76)
at com.datacvg.utils.RequestUtils.httpRequest(RequestUtils.java:30)
at com.datacvg.cases.TestExcelWithDataProvider.testSearch(TestExcelWithDataProvider.java:90)
at sun.reflect.NativeMethodAccessorImpl.invoke0(Native Method)
at sun.reflect.NativeMethodAccessorImpl.invoke(NativeMethodAccessorImpl.java:62)
at sun.reflect.DelegatingMethodAccessorImpl.invoke(DelegatingMethodAccessorImpl.java:43)
at java.lang.reflect.Method.invoke(Method.java:498)
at org.testng.internal.MethodInvocationHelper.invokeMethod(MethodInvocationHelper.java:133)
at org.testng.internal.TestInvoker.invokeMethod(TestInvoker.java:584)
at org.testng.internal.TestInvoker.invokeTestMethod(TestInvoker.java:172)
at org.testng.internal.MethodRunner.runInSequence(MethodRunner.java:46)
at org.testng.internal.TestInvoker$MethodInvocationAgent.invoke(TestInvoker.java:804)
at org.testng.internal.TestInvoker.invokeTestMethods(TestInvoker.java:145)
at org.testng.internal.TestMethodWorker.invokeTestMethods(TestMethodWorker.java:146)
at org.testng.internal.TestMethodWorker.run(TestMethodWorker.java:128)
at java.util.ArrayList.forEach(ArrayList.java:1257)
at org.testng.TestRunner.privateRun(TestRunner.java:770)
at org.testng.TestRunner.run(TestRunner.java:591)
at org.testng.SuiteRunner.runTest(SuiteRunner.java:402)
at org.testng.SuiteRunner.runSequentially(SuiteRunner.java:396)
at org.testng.SuiteRunner.privateRun(SuiteRunner.java:355)
at org.testng.SuiteRunner.run(SuiteRunner.java:304)
at org.testng.SuiteRunnerWorker.runSuite(SuiteRunnerWorker.java:53)
at org.testng.SuiteRunnerWorker.run(SuiteRunnerWorker.java:96)
at org.testng.TestNG.runSuitesSequentially(TestNG.java:1180)
at org.testng.TestNG.runSuitesLocally(TestNG.java:1102)
at org.testng.TestNG.runSuites(TestNG.java:1032)
at org.testng.TestNG.run(TestNG.java:1000)
at org.apache.maven.surefire.testng.TestNGExecutor.run(TestNGExecutor.java:74)
at org.apache.maven.surefire.testng.TestNGXmlTestSuite.execute(TestNGXmlTestSuite.java:93)
at org.apache.maven.surefire.testng.TestNGProvider.invoke(TestNGProvider.java:101)
at sun.reflect.NativeMethodAccessorImpl.invoke0(Native Method)
at sun.reflect.NativeMethodAccessorImpl.invoke(NativeMethodAccessorImpl.java:62)
at sun.reflect.DelegatingMethodAccessorImpl.invoke(DelegatingMethodAccessorImpl.java:43)
at java.lang.reflect.Method.invoke(Method.java:498)
at org.apache.maven.surefire.booter.ProviderFactory$ClassLoaderProxy.invoke(ProviderFactory.java:103)
at com.sun.proxy.$Proxy0.invoke(Unknown Source)
at org.apache.maven.surefire.booter.SurefireStarter.invokeProvider(SurefireStarter.java:145)
at org.apache.maven.surefire.booter.SurefireStarter.runSuitesInProcess(SurefireStarter.java:87)
at org.apache.maven.surefire.booter.ForkedBooter.main(ForkedBooter.java:69)
]]>
            </full-stacktrace>
          </exception> <!-- java.lang.AssertionError -->
          <reporter-output>
          </reporter-output>
        </test-method> <!-- testSearch -->
      </class> <!-- com.datacvg.cases.TestExcelWithDataProvider -->
    </test> <!-- Demo -->
  </suite> <!-- Excel-Driver接口自动化 -->
</testng-results>
